2022-10-15 18:21:52:2152 - [32minfo[39m: [32mapp rodando na porta 3000[39m
2022-10-15 18:23:14:2314 - [32minfo[39m: [32mapp rodando na porta 3000[39m
2022-10-15 18:23:18:2318 - [32minfo[39m: [32mapp rodando na porta 3000[39m
2022-10-15 18:23:27:2327 - [32minfo[39m: [32mapp rodando na porta 3000[39m
2022-10-15 18:23:32:2332 - [32minfo[39m: [32mapp rodando na porta 3000[39m
2022-10-15 18:23:39:2339 - [32minfo[39m: [32mBeleza conectou o banco[39m
2022-10-15 18:23:39:2339 - [32minfo[39m: [32mapp rodando na porta 3000[39m
2022-10-15 18:27:56:2756 - [32minfo[39m: [32mBeleza conectou o banco[39m
2022-10-15 18:27:56:2756 - [32minfo[39m: [32mapp rodando na porta 3000[39m
2022-10-15 18:28:03:283 - [32minfo[39m: [32mBeleza conectou o banco[39m
2022-10-15 18:28:03:283 - [32minfo[39m: [32mapp rodando na porta 3000[39m
2022-10-15 19:15:55:1555 - [32minfo[39m: [32mBeleza conectou o banco[39m
2022-10-15 19:15:55:1555 - [32minfo[39m: [32mapp rodando na porta 3000[39m
2022-10-15 19:16:32:1632 - [32minfo[39m: [32mBeleza conectou o banco[39m
2022-10-15 19:16:32:1632 - [32minfo[39m: [32mapp rodando na porta 3000[39m
2022-10-15 19:17:14:1714 - [32minfo[39m: [32mBeleza conectou o banco[39m
2022-10-15 19:17:14:1714 - [32minfo[39m: [32mapp rodando na porta 3000[39m
2022-10-15 19:30:00:300 - [32minfo[39m: [32mBeleza conectou o banco[39m
2022-10-15 19:30:00:300 - [32minfo[39m: [32mapp rodando na porta 3000[39m
2022-10-15 19:30:13:3013 - [35mhttp[39m: [35mGET/api/test 200 15 -: response-time ms[39m
[35m[39m
2022-10-15 19:58:38:5838 - [32minfo[39m: [32mBeleza conectou o banco[39m
2022-10-15 19:58:38:5838 - [32minfo[39m: [32mapp rodando na porta 3000[39m
2022-10-15 19:59:05:595 - [32minfo[39m: [32mBeleza conectou o banco[39m
2022-10-15 19:59:05:595 - [32minfo[39m: [32mapp rodando na porta 3000[39m
2022-10-15 19:59:19:5919 - [32minfo[39m: [32mBeleza conectou o banco[39m
2022-10-15 19:59:19:5919 - [32minfo[39m: [32mapp rodando na porta 3000[39m
2022-10-15 19:59:26:5926 - [32minfo[39m: [32mBeleza conectou o banco[39m
2022-10-15 19:59:26:5926 - [32minfo[39m: [32mapp rodando na porta 3000[39m
2022-10-15 20:04:21:421 - [35mhttp[39m: [35mPOST/api/movie 200 22 -: response-time ms[39m
[35m[39m
2022-10-15 20:05:50:550 - [32minfo[39m: [32mBeleza conectou o banco[39m
2022-10-15 20:05:50:550 - [32minfo[39m: [32mapp rodando na porta 3000[39m
2022-10-15 20:06:19:619 - [32minfo[39m: [32mBeleza conectou o banco[39m
2022-10-15 20:06:19:619 - [32minfo[39m: [32mapp rodando na porta 3000[39m
2022-10-15 20:06:40:640 - [32minfo[39m: [32mBeleza conectou o banco[39m
2022-10-15 20:06:40:640 - [32minfo[39m: [32mapp rodando na porta 3000[39m
2022-10-15 20:06:45:645 - [32minfo[39m: [32mBeleza conectou o banco[39m
2022-10-15 20:06:45:645 - [32minfo[39m: [32mapp rodando na porta 3000[39m
2022-10-15 20:07:02:72 - [32minfo[39m: [32mBeleza conectou o banco[39m
2022-10-15 20:07:02:72 - [32minfo[39m: [32mapp rodando na porta 3000[39m
2022-10-15 20:07:14:714 - [32minfo[39m: [32mBeleza conectou o banco[39m
2022-10-15 20:07:14:714 - [32minfo[39m: [32mapp rodando na porta 3000[39m
2022-10-15 20:07:17:717 - [32minfo[39m: [32mBeleza conectou o banco[39m
2022-10-15 20:07:17:717 - [32minfo[39m: [32mapp rodando na porta 3000[39m
2022-10-15 20:07:23:723 - [32minfo[39m: [32mBeleza conectou o banco[39m
2022-10-15 20:07:23:723 - [32minfo[39m: [32mapp rodando na porta 3000[39m
2022-10-15 20:07:29:729 - [32minfo[39m: [32mBeleza conectou o banco[39m
2022-10-15 20:07:29:729 - [32minfo[39m: [32mapp rodando na porta 3000[39m
2022-10-15 20:07:33:733 - [32minfo[39m: [32mBeleza conectou o banco[39m
2022-10-15 20:07:33:733 - [32minfo[39m: [32mapp rodando na porta 3000[39m
2022-10-15 20:07:36:736 - [32minfo[39m: [32mBeleza conectou o banco[39m
2022-10-15 20:07:36:736 - [32minfo[39m: [32mapp rodando na porta 3000[39m
2022-10-15 20:08:37:837 - [32minfo[39m: [32mBeleza conectou o banco[39m
2022-10-15 20:08:37:837 - [32minfo[39m: [32mapp rodando na porta 3000[39m
2022-10-15 20:08:41:841 - [32minfo[39m: [32mBeleza conectou o banco[39m
2022-10-15 20:08:41:841 - [32minfo[39m: [32mapp rodando na porta 3000[39m
2022-10-15 20:08:44:844 - [32minfo[39m: [32mBeleza conectou o banco[39m
2022-10-15 20:08:44:844 - [32minfo[39m: [32mapp rodando na porta 3000[39m
2022-10-15 20:08:52:852 - [32minfo[39m: [32mBeleza conectou o banco[39m
2022-10-15 20:08:52:852 - [32minfo[39m: [32mapp rodando na porta 3000[39m
2022-10-15 20:08:58:858 - [32minfo[39m: [32mBeleza conectou o banco[39m
2022-10-15 20:08:58:858 - [32minfo[39m: [32mapp rodando na porta 3000[39m
2022-10-15 20:09:14:914 - [32minfo[39m: [32mBeleza conectou o banco[39m
2022-10-15 20:09:14:914 - [32minfo[39m: [32mapp rodando na porta 3000[39m
2022-10-15 20:09:31:931 - [32minfo[39m: [32mBeleza conectou o banco[39m
2022-10-15 20:09:31:931 - [32minfo[39m: [32mapp rodando na porta 3000[39m
2022-10-15 20:09:48:948 - [32minfo[39m: [32mBeleza conectou o banco[39m
2022-10-15 20:09:48:948 - [32minfo[39m: [32mapp rodando na porta 3000[39m
2022-10-15 20:13:52:1352 - [32minfo[39m: [32mBeleza conectou o banco[39m
2022-10-15 20:13:52:1352 - [32minfo[39m: [32mapp rodando na porta 3000[39m
2022-10-15 20:14:22:1422 - [35mhttp[39m: [35mPOST/api/movie 201 154 -: response-time ms[39m
[35m[39m
2022-10-15 20:14:41:1441 - [32minfo[39m: [32mBeleza conectou o banco[39m
2022-10-15 20:14:41:1441 - [32minfo[39m: [32mapp rodando na porta 3000[39m
2022-10-15 20:14:46:1446 - [35mhttp[39m: [35mPOST/api/movie 201 154 -: response-time ms[39m
[35m[39m
2022-10-15 20:15:04:154 - [32minfo[39m: [32mBeleza conectou o banco[39m
2022-10-15 20:15:04:154 - [32minfo[39m: [32mapp rodando na porta 3000[39m
2022-10-15 20:15:09:159 - [35mhttp[39m: [35mPOST/api/movie 201 161 -: response-time ms[39m
[35m[39m
2022-10-15 20:16:18:1618 - [32minfo[39m: [32mBeleza conectou o banco[39m
2022-10-15 20:16:18:1618 - [32minfo[39m: [32mapp rodando na porta 3000[39m
2022-10-15 20:16:26:1626 - [35mhttp[39m: [35mPOST/api/movie 201 154 -: response-time ms[39m
[35m[39m
2022-10-15 20:16:50:1650 - [32minfo[39m: [32mBeleza conectou o banco[39m
2022-10-15 20:16:50:1650 - [32minfo[39m: [32mapp rodando na porta 3000[39m
2022-10-15 20:31:09:319 - [32minfo[39m: [32mBeleza conectou o banco[39m
2022-10-15 20:31:09:319 - [32minfo[39m: [32mapp rodando na porta 3000[39m
2022-10-15 20:31:54:3154 - [32minfo[39m: [32mBeleza conectou o banco[39m
2022-10-15 20:31:54:3154 - [32minfo[39m: [32mapp rodando na porta 3000[39m
2022-10-15 20:31:58:3158 - [32minfo[39m: [32mBeleza conectou o banco[39m
2022-10-15 20:31:58:3158 - [32minfo[39m: [32mapp rodando na porta 3000[39m
2022-10-15 20:32:25:3225 - [32minfo[39m: [32mBeleza conectou o banco[39m
2022-10-15 20:32:25:3225 - [32minfo[39m: [32mapp rodando na porta 3000[39m
2022-10-15 20:32:29:3229 - [32minfo[39m: [32mBeleza conectou o banco[39m
2022-10-15 20:32:29:3229 - [32minfo[39m: [32mapp rodando na porta 3000[39m
2022-10-15 20:33:00:330 - [32minfo[39m: [32mBeleza conectou o banco[39m
2022-10-15 20:33:00:330 - [32minfo[39m: [32mapp rodando na porta 3000[39m
2022-10-15 20:33:42:3342 - [32minfo[39m: [32mBeleza conectou o banco[39m
2022-10-15 20:33:42:3342 - [32minfo[39m: [32mapp rodando na porta 3000[39m
2022-10-15 20:33:53:3353 - [32minfo[39m: [32mBeleza conectou o banco[39m
2022-10-15 20:33:53:3353 - [32minfo[39m: [32mapp rodando na porta 3000[39m
2022-10-15 20:33:57:3357 - [32minfo[39m: [32mBeleza conectou o banco[39m
2022-10-15 20:33:57:3357 - [32minfo[39m: [32mapp rodando na porta 3000[39m
2022-10-15 20:34:40:3440 - [35mhttp[39m: [35mPOST/api/movie 201 157 -: response-time ms[39m
[35m[39m
2022-10-15 20:40:44:4044 - [32minfo[39m: [32mBeleza conectou o banco[39m
2022-10-15 20:40:44:4044 - [32minfo[39m: [32mapp rodando na porta 3000[39m
2022-10-15 20:40:48:4048 - [32minfo[39m: [32mBeleza conectou o banco[39m
2022-10-15 20:40:48:4048 - [32minfo[39m: [32mapp rodando na porta 3000[39m
2022-10-15 20:40:58:4058 - [32minfo[39m: [32mBeleza conectou o banco[39m
2022-10-15 20:40:58:4058 - [32minfo[39m: [32mapp rodando na porta 3000[39m
2022-10-15 20:41:12:4112 - [35mhttp[39m: [35mPOST/api/movie 422 49 -: response-time ms[39m
[35m[39m
2022-10-15 20:42:07:427 - [32minfo[39m: [32mBeleza conectou o banco[39m
2022-10-15 20:42:07:427 - [32minfo[39m: [32mapp rodando na porta 3000[39m
2022-10-15 20:42:11:4211 - [32minfo[39m: [32mBeleza conectou o banco[39m
2022-10-15 20:42:11:4211 - [32minfo[39m: [32mapp rodando na porta 3000[39m
2022-10-15 20:42:35:4235 - [32minfo[39m: [32mBeleza conectou o banco[39m
2022-10-15 20:42:35:4235 - [32minfo[39m: [32mapp rodando na porta 3000[39m
2022-10-15 20:42:40:4240 - [32minfo[39m: [32mBeleza conectou o banco[39m
2022-10-15 20:42:40:4240 - [32minfo[39m: [32mapp rodando na porta 3000[39m
2022-10-15 20:42:48:4248 - [32minfo[39m: [32mBeleza conectou o banco[39m
2022-10-15 20:42:48:4248 - [32minfo[39m: [32mapp rodando na porta 3000[39m
2022-10-15 20:42:53:4253 - [32minfo[39m: [32mBeleza conectou o banco[39m
2022-10-15 20:42:53:4253 - [32minfo[39m: [32mapp rodando na porta 3000[39m
2022-10-15 20:43:07:437 - [32minfo[39m: [32mBeleza conectou o banco[39m
2022-10-15 20:43:07:437 - [32minfo[39m: [32mapp rodando na porta 3000[39m
2022-10-15 20:43:13:4313 - [32minfo[39m: [32mBeleza conectou o banco[39m
2022-10-15 20:43:13:4313 - [32minfo[39m: [32mapp rodando na porta 3000[39m
2022-10-15 20:43:17:4317 - [32minfo[39m: [32mBeleza conectou o banco[39m
2022-10-15 20:43:17:4317 - [32minfo[39m: [32mapp rodando na porta 3000[39m
2022-10-15 20:43:25:4325 - [32minfo[39m: [32mBeleza conectou o banco[39m
2022-10-15 20:43:25:4325 - [32minfo[39m: [32mapp rodando na porta 3000[39m
2022-10-15 20:43:45:4345 - [35mhttp[39m: [35mPOST/api/movie 422 107 -: response-time ms[39m
[35m[39m
2022-10-15 20:44:15:4415 - [32minfo[39m: [32mBeleza conectou o banco[39m
2022-10-15 20:44:15:4415 - [32minfo[39m: [32mapp rodando na porta 3000[39m
2022-10-15 20:44:24:4424 - [32minfo[39m: [32mBeleza conectou o banco[39m
2022-10-15 20:44:24:4424 - [32minfo[39m: [32mapp rodando na porta 3000[39m
2022-10-15 20:44:39:4439 - [32minfo[39m: [32mBeleza conectou o banco[39m
2022-10-15 20:44:39:4439 - [32minfo[39m: [32mapp rodando na porta 3000[39m
2022-10-15 20:44:42:4442 - [32minfo[39m: [32mBeleza conectou o banco[39m
2022-10-15 20:44:42:4442 - [32minfo[39m: [32mapp rodando na porta 3000[39m
2022-10-15 20:44:49:4449 - [32minfo[39m: [32mBeleza conectou o banco[39m
2022-10-15 20:44:49:4449 - [32minfo[39m: [32mapp rodando na porta 3000[39m
2022-10-15 20:44:59:4459 - [32minfo[39m: [32mBeleza conectou o banco[39m
2022-10-15 20:44:59:4459 - [32minfo[39m: [32mapp rodando na porta 3000[39m
2022-10-15 20:45:05:455 - [32minfo[39m: [32mBeleza conectou o banco[39m
2022-10-15 20:45:05:455 - [32minfo[39m: [32mapp rodando na porta 3000[39m
2022-10-15 20:45:10:4510 - [32minfo[39m: [32mBeleza conectou o banco[39m
2022-10-15 20:45:10:4510 - [32minfo[39m: [32mapp rodando na porta 3000[39m
2022-10-15 20:45:39:4539 - [32minfo[39m: [32mBeleza conectou o banco[39m
2022-10-15 20:45:39:4539 - [32minfo[39m: [32mapp rodando na porta 3000[39m
2022-10-15 20:45:41:4541 - [35mhttp[39m: [35mPOST/api/movie 422 150 -: response-time ms[39m
[35m[39m
2022-10-15 20:45:48:4548 - [35mhttp[39m: [35mPOST/api/movie 422 107 -: response-time ms[39m
[35m[39m
2022-10-15 20:45:57:4557 - [35mhttp[39m: [35mPOST/api/movie 422 49 -: response-time ms[39m
[35m[39m
2022-10-15 20:46:12:4612 - [35mhttp[39m: [35mPOST/api/movie 422 49 -: response-time ms[39m
[35m[39m
2022-10-15 20:46:31:4631 - [32minfo[39m: [32mBeleza conectou o banco[39m
2022-10-15 20:46:31:4631 - [32minfo[39m: [32mapp rodando na porta 3000[39m
2022-10-15 20:46:36:4636 - [35mhttp[39m: [35mPOST/api/movie 422 49 -: response-time ms[39m
[35m[39m
2022-10-15 20:46:37:4637 - [35mhttp[39m: [35mPOST/api/movie 422 49 -: response-time ms[39m
[35m[39m
2022-10-15 20:47:28:4728 - [35mhttp[39m: [35mPOST/api/movie 422 49 -: response-time ms[39m
[35m[39m
2022-10-15 20:47:53:4753 - [35mhttp[39m: [35mPOST/api/movie 422 49 -: response-time ms[39m
[35m[39m
2022-10-15 20:48:13:4813 - [32minfo[39m: [32mBeleza conectou o banco[39m
2022-10-15 20:48:13:4813 - [32minfo[39m: [32mapp rodando na porta 3000[39m
2022-10-15 20:48:20:4820 - [35mhttp[39m: [35mPOST/api/movie 201 172 -: response-time ms[39m
[35m[39m
2022-10-15 20:49:34:4934 - [32minfo[39m: [32mBeleza conectou o banco[39m
2022-10-15 20:49:34:4934 - [32minfo[39m: [32mapp rodando na porta 3000[39m
2022-10-15 20:52:26:5226 - [32minfo[39m: [32mBeleza conectou o banco[39m
2022-10-15 20:52:26:5226 - [32minfo[39m: [32mapp rodando na porta 3000[39m
2022-10-15 20:52:51:5251 - [35mhttp[39m: [35mPOST/api/movie 422 66 -: response-time ms[39m
[35m[39m
2022-10-15 20:53:05:535 - [32minfo[39m: [32mBeleza conectou o banco[39m
2022-10-15 20:53:05:535 - [32minfo[39m: [32mapp rodando na porta 3000[39m
2022-10-15 20:53:09:539 - [35mhttp[39m: [35mPOST/api/movie 422 63 -: response-time ms[39m
[35m[39m
2022-10-15 20:53:16:5316 - [35mhttp[39m: [35mPOST/api/movie 201 164 -: response-time ms[39m
[35m[39m
2022-10-15 23:35:13:3513 - [32minfo[39m: [32mBeleza conectou o banco[39m
2022-10-15 23:35:13:3513 - [32minfo[39m: [32mapp rodando na porta 3000[39m
2022-10-15 23:35:23:3523 - [35mhttp[39m: [35mPOST/api/movie 422 105 -: response-time ms[39m
[35m[39m
2022-10-15 23:37:05:375 - [35mhttp[39m: [35mPOST/api/movie 422 55 -: response-time ms[39m
[35m[39m
2022-10-15 23:37:30:3730 - [35mhttp[39m: [35mPOST/api/movie 422 55 -: response-time ms[39m
[35m[39m
2022-10-15 23:37:46:3746 - [35mhttp[39m: [35mPOST/api/movie 201 369 -: response-time ms[39m
[35m[39m
2022-10-15 23:44:38:4438 - [32minfo[39m: [32mBeleza conectou o banco[39m
2022-10-15 23:44:38:4438 - [32minfo[39m: [32mapp rodando na porta 3000[39m
2022-10-15 23:44:53:4453 - [32minfo[39m: [32mBeleza conectou o banco[39m
2022-10-15 23:44:53:4453 - [32minfo[39m: [32mapp rodando na porta 3000[39m
2022-10-15 23:45:05:455 - [32minfo[39m: [32mBeleza conectou o banco[39m
2022-10-15 23:45:05:455 - [32minfo[39m: [32mapp rodando na porta 3000[39m
2022-10-15 23:45:11:4511 - [32minfo[39m: [32mBeleza conectou o banco[39m
2022-10-15 23:45:11:4511 - [32minfo[39m: [32mapp rodando na porta 3000[39m
2022-10-15 23:45:22:4522 - [32minfo[39m: [32mBeleza conectou o banco[39m
2022-10-15 23:45:22:4522 - [32minfo[39m: [32mapp rodando na porta 3000[39m
2022-10-15 23:45:41:4541 - [32minfo[39m: [32mBeleza conectou o banco[39m
2022-10-15 23:45:41:4541 - [32minfo[39m: [32mapp rodando na porta 3000[39m
2022-10-15 23:46:16:4616 - [32minfo[39m: [32mBeleza conectou o banco[39m
2022-10-15 23:46:16:4616 - [32minfo[39m: [32mapp rodando na porta 3000[39m
2022-10-15 23:46:19:4619 - [32minfo[39m: [32mBeleza conectou o banco[39m
2022-10-15 23:46:19:4619 - [32minfo[39m: [32mapp rodando na porta 3000[39m
2022-10-15 23:46:41:4641 - [32minfo[39m: [32mBeleza conectou o banco[39m
2022-10-15 23:46:41:4641 - [32minfo[39m: [32mapp rodando na porta 3000[39m
2022-10-15 23:46:47:4647 - [32minfo[39m: [32mBeleza conectou o banco[39m
2022-10-15 23:46:47:4647 - [32minfo[39m: [32mapp rodando na porta 3000[39m
2022-10-15 23:46:51:4651 - [32minfo[39m: [32mBeleza conectou o banco[39m
2022-10-15 23:46:51:4651 - [32minfo[39m: [32mapp rodando na porta 3000[39m
2022-10-15 23:47:11:4711 - [32minfo[39m: [32mBeleza conectou o banco[39m
2022-10-15 23:47:11:4711 - [32minfo[39m: [32mapp rodando na porta 3000[39m
2022-10-15 23:47:25:4725 - [32minfo[39m: [32mBeleza conectou o banco[39m
2022-10-15 23:47:25:4725 - [32minfo[39m: [32mapp rodando na porta 3000[39m
2022-10-15 23:47:34:4734 - [32minfo[39m: [32mBeleza conectou o banco[39m
2022-10-15 23:47:34:4734 - [32minfo[39m: [32mapp rodando na porta 3000[39m
2022-10-15 23:47:37:4737 - [32minfo[39m: [32mBeleza conectou o banco[39m
2022-10-15 23:47:37:4737 - [32minfo[39m: [32mapp rodando na porta 3000[39m
2022-10-15 23:47:42:4742 - [32minfo[39m: [32mBeleza conectou o banco[39m
2022-10-15 23:47:42:4742 - [32minfo[39m: [32mapp rodando na porta 3000[39m
2022-10-15 23:47:47:4747 - [32minfo[39m: [32mBeleza conectou o banco[39m
2022-10-15 23:47:47:4747 - [32minfo[39m: [32mapp rodando na porta 3000[39m
2022-10-15 23:47:58:4758 - [32minfo[39m: [32mBeleza conectou o banco[39m
2022-10-15 23:47:58:4758 - [32minfo[39m: [32mapp rodando na porta 3000[39m
2022-10-15 23:48:02:482 - [32minfo[39m: [32mBeleza conectou o banco[39m
2022-10-15 23:48:02:482 - [32minfo[39m: [32mapp rodando na porta 3000[39m
2022-10-15 23:48:08:488 - [32minfo[39m: [32mBeleza conectou o banco[39m
2022-10-15 23:48:08:488 - [32minfo[39m: [32mapp rodando na porta 3000[39m
2022-10-15 23:48:11:4811 - [32minfo[39m: [32mBeleza conectou o banco[39m
2022-10-15 23:48:11:4811 - [32minfo[39m: [32mapp rodando na porta 3000[39m
2022-10-15 23:48:18:4818 - [32minfo[39m: [32mBeleza conectou o banco[39m
2022-10-15 23:48:18:4818 - [32minfo[39m: [32mapp rodando na porta 3000[39m
2022-10-15 23:48:34:4834 - [32minfo[39m: [32mBeleza conectou o banco[39m
2022-10-15 23:48:34:4834 - [32minfo[39m: [32mapp rodando na porta 3000[39m
2022-10-15 23:48:42:4842 - [32minfo[39m: [32mBeleza conectou o banco[39m
2022-10-15 23:48:42:4842 - [32minfo[39m: [32mapp rodando na porta 3000[39m
2022-10-15 23:49:10:4910 - [32minfo[39m: [32mBeleza conectou o banco[39m
2022-10-15 23:49:10:4910 - [32minfo[39m: [32mapp rodando na porta 3000[39m
2022-10-15 23:51:02:512 - [32minfo[39m: [32mBeleza conectou o banco[39m
2022-10-15 23:51:02:512 - [32minfo[39m: [32mapp rodando na porta 3000[39m
2022-10-15 23:51:47:5147 - [32minfo[39m: [32mBeleza conectou o banco[39m
2022-10-15 23:51:47:5147 - [32minfo[39m: [32mapp rodando na porta 3000[39m
2022-10-15 23:54:36:5436 - [31merror[39m: [31mErro no sistema: Cast to ObjectId failed for value "634b6e7a95477fe90d8301cda" (type string) at path "_id" for model "Movie"[39m
2022-10-15 23:54:53:5453 - [35mhttp[39m: [35mGET/api/movie/634b6e7a95477fe90d8301cda - - -: response-time ms[39m
[35m[39m
2022-10-15 23:54:57:5457 - [35mhttp[39m: [35mGET/api/movie/634b6e7a95477fe90d8301c1 404 31 -: response-time ms[39m
[35m[39m
2022-10-15 23:55:11:5511 - [35mhttp[39m: [35mGET/api/movie/634b6e7a95477fe90d8301cd - - -: response-time ms[39m
[35m[39m
2022-10-15 23:55:53:5553 - [32minfo[39m: [32mBeleza conectou o banco[39m
2022-10-15 23:55:53:5553 - [32minfo[39m: [32mapp rodando na porta 3000[39m
2022-10-15 23:55:57:5557 - [32minfo[39m: [32mBeleza conectou o banco[39m
2022-10-15 23:55:57:5557 - [32minfo[39m: [32mapp rodando na porta 3000[39m
2022-10-15 23:56:01:561 - [32minfo[39m: [32mBeleza conectou o banco[39m
2022-10-15 23:56:01:561 - [32minfo[39m: [32mapp rodando na porta 3000[39m
2022-10-15 23:56:22:5622 - [32minfo[39m: [32mBeleza conectou o banco[39m
2022-10-15 23:56:22:5622 - [32minfo[39m: [32mapp rodando na porta 3000[39m
2022-10-15 23:56:26:5626 - [35mhttp[39m: [35mGET/api/movie/634b6e7a95477fe90d8301cd 200 369 -: response-time ms[39m
[35m[39m
2022-10-15 23:58:12:5812 - [32minfo[39m: [32mBeleza conectou o banco[39m
2022-10-15 23:58:12:5812 - [32minfo[39m: [32mapp rodando na porta 3000[39m
2022-10-15 23:58:19:5819 - [32minfo[39m: [32mBeleza conectou o banco[39m
2022-10-15 23:58:19:5819 - [32minfo[39m: [32mapp rodando na porta 3000[39m
2022-10-15 23:59:20:5920 - [32minfo[39m: [32mBeleza conectou o banco[39m
2022-10-15 23:59:20:5920 - [32minfo[39m: [32mapp rodando na porta 3000[39m
2022-10-15 23:59:25:5925 - [32minfo[39m: [32mBeleza conectou o banco[39m
2022-10-15 23:59:25:5925 - [32minfo[39m: [32mapp rodando na porta 3000[39m
2022-10-15 23:59:36:5936 - [32minfo[39m: [32mBeleza conectou o banco[39m
2022-10-15 23:59:36:5936 - [32minfo[39m: [32mapp rodando na porta 3000[39m
2022-10-16 00:00:03:03 - [32minfo[39m: [32mBeleza conectou o banco[39m
2022-10-16 00:00:03:03 - [32minfo[39m: [32mapp rodando na porta 3000[39m
2022-10-16 00:00:06:06 - [32minfo[39m: [32mBeleza conectou o banco[39m
2022-10-16 00:00:06:06 - [32minfo[39m: [32mapp rodando na porta 3000[39m
2022-10-16 00:00:29:029 - [32minfo[39m: [32mBeleza conectou o banco[39m
2022-10-16 00:00:29:029 - [32minfo[39m: [32mapp rodando na porta 3000[39m
2022-10-16 00:00:37:037 - [32minfo[39m: [32mBeleza conectou o banco[39m
2022-10-16 00:00:37:037 - [32minfo[39m: [32mapp rodando na porta 3000[39m
2022-10-16 00:00:41:041 - [32minfo[39m: [32mBeleza conectou o banco[39m
2022-10-16 00:00:41:041 - [32minfo[39m: [32mapp rodando na porta 3000[39m
2022-10-16 00:00:44:044 - [32minfo[39m: [32mBeleza conectou o banco[39m
2022-10-16 00:00:44:044 - [32minfo[39m: [32mapp rodando na porta 3000[39m
2022-10-16 00:00:48:048 - [32minfo[39m: [32mBeleza conectou o banco[39m
2022-10-16 00:00:48:048 - [32minfo[39m: [32mapp rodando na porta 3000[39m
2022-10-16 00:01:38:138 - [32minfo[39m: [32mBeleza conectou o banco[39m
2022-10-16 00:01:38:138 - [32minfo[39m: [32mapp rodando na porta 3000[39m
2022-10-16 00:02:06:26 - [32minfo[39m: [32mBeleza conectou o banco[39m
2022-10-16 00:02:06:26 - [32minfo[39m: [32mapp rodando na porta 3000[39m
2022-10-16 00:04:02:42 - [35mhttp[39m: [35mGET/api/movie 200 1649 -: response-time ms[39m
[35m[39m
2022-10-16 00:05:37:537 - [32minfo[39m: [32mBeleza conectou o banco[39m
2022-10-16 00:05:37:537 - [32minfo[39m: [32mapp rodando na porta 3000[39m
2022-10-16 00:05:43:543 - [32minfo[39m: [32mBeleza conectou o banco[39m
2022-10-16 00:05:43:543 - [32minfo[39m: [32mapp rodando na porta 3000[39m
2022-10-16 00:05:56:556 - [32minfo[39m: [32mBeleza conectou o banco[39m
2022-10-16 00:05:56:556 - [32minfo[39m: [32mapp rodando na porta 3000[39m
2022-10-16 00:06:04:64 - [32minfo[39m: [32mBeleza conectou o banco[39m
2022-10-16 00:06:04:64 - [32minfo[39m: [32mapp rodando na porta 3000[39m
2022-10-16 00:06:56:656 - [32minfo[39m: [32mBeleza conectou o banco[39m
2022-10-16 00:06:56:656 - [32minfo[39m: [32mapp rodando na porta 3000[39m
2022-10-16 00:06:59:659 - [32minfo[39m: [32mBeleza conectou o banco[39m
2022-10-16 00:06:59:659 - [32minfo[39m: [32mapp rodando na porta 3000[39m
2022-10-16 00:07:04:74 - [32minfo[39m: [32mBeleza conectou o banco[39m
2022-10-16 00:07:04:74 - [32minfo[39m: [32mapp rodando na porta 3000[39m
2022-10-16 00:07:07:77 - [32minfo[39m: [32mBeleza conectou o banco[39m
2022-10-16 00:07:07:77 - [32minfo[39m: [32mapp rodando na porta 3000[39m
2022-10-16 00:07:12:712 - [32minfo[39m: [32mBeleza conectou o banco[39m
2022-10-16 00:07:12:712 - [32minfo[39m: [32mapp rodando na porta 3000[39m
2022-10-16 00:07:18:718 - [32minfo[39m: [32mBeleza conectou o banco[39m
2022-10-16 00:07:18:718 - [32minfo[39m: [32mapp rodando na porta 3000[39m
2022-10-16 00:07:49:749 - [32minfo[39m: [32mBeleza conectou o banco[39m
2022-10-16 00:07:49:749 - [32minfo[39m: [32mapp rodando na porta 3000[39m
2022-10-16 00:07:53:753 - [32minfo[39m: [32mBeleza conectou o banco[39m
2022-10-16 00:07:53:753 - [32minfo[39m: [32mapp rodando na porta 3000[39m
2022-10-16 00:07:59:759 - [32minfo[39m: [32mBeleza conectou o banco[39m
2022-10-16 00:07:59:759 - [32minfo[39m: [32mapp rodando na porta 3000[39m
2022-10-16 00:08:02:82 - [32minfo[39m: [32mBeleza conectou o banco[39m
2022-10-16 00:08:02:82 - [32minfo[39m: [32mapp rodando na porta 3000[39m
2022-10-16 00:08:20:820 - [32minfo[39m: [32mBeleza conectou o banco[39m
2022-10-16 00:08:20:820 - [32minfo[39m: [32mapp rodando na porta 3000[39m
2022-10-16 00:08:28:828 - [32minfo[39m: [32mBeleza conectou o banco[39m
2022-10-16 00:08:28:828 - [32minfo[39m: [32mapp rodando na porta 3000[39m
2022-10-16 00:08:35:835 - [32minfo[39m: [32mBeleza conectou o banco[39m
2022-10-16 00:08:35:835 - [32minfo[39m: [32mapp rodando na porta 3000[39m
2022-10-16 00:08:52:852 - [32minfo[39m: [32mBeleza conectou o banco[39m
2022-10-16 00:08:52:852 - [32minfo[39m: [32mapp rodando na porta 3000[39m
2022-10-16 00:09:00:90 - [32minfo[39m: [32mBeleza conectou o banco[39m
2022-10-16 00:09:00:90 - [32minfo[39m: [32mapp rodando na porta 3000[39m
2022-10-16 00:09:06:96 - [32minfo[39m: [32mBeleza conectou o banco[39m
2022-10-16 00:09:06:96 - [32minfo[39m: [32mapp rodando na porta 3000[39m
2022-10-16 00:09:11:911 - [32minfo[39m: [32mBeleza conectou o banco[39m
2022-10-16 00:09:11:911 - [32minfo[39m: [32mapp rodando na porta 3000[39m
2022-10-16 00:09:23:923 - [32minfo[39m: [32mBeleza conectou o banco[39m
2022-10-16 00:09:23:923 - [32minfo[39m: [32mapp rodando na porta 3000[39m
2022-10-16 00:09:28:928 - [32minfo[39m: [32mBeleza conectou o banco[39m
2022-10-16 00:09:28:928 - [32minfo[39m: [32mapp rodando na porta 3000[39m
2022-10-16 00:09:48:948 - [32minfo[39m: [32mBeleza conectou o banco[39m
2022-10-16 00:09:48:948 - [32minfo[39m: [32mapp rodando na porta 3000[39m
2022-10-16 00:09:58:958 - [32minfo[39m: [32mBeleza conectou o banco[39m
2022-10-16 00:09:58:958 - [32minfo[39m: [32mapp rodando na porta 3000[39m
2022-10-16 00:11:08:118 - [32minfo[39m: [32mBeleza conectou o banco[39m
2022-10-16 00:11:08:118 - [32minfo[39m: [32mapp rodando na porta 3000[39m
2022-10-16 00:11:11:1111 - [32minfo[39m: [32mBeleza conectou o banco[39m
2022-10-16 00:11:11:1111 - [32minfo[39m: [32mapp rodando na porta 3000[39m
2022-10-16 00:11:15:1115 - [32minfo[39m: [32mBeleza conectou o banco[39m
2022-10-16 00:11:15:1115 - [32minfo[39m: [32mapp rodando na porta 3000[39m
2022-10-16 00:11:19:1119 - [32minfo[39m: [32mBeleza conectou o banco[39m
2022-10-16 00:11:19:1119 - [32minfo[39m: [32mapp rodando na porta 3000[39m
2022-10-16 00:11:23:1123 - [32minfo[39m: [32mBeleza conectou o banco[39m
2022-10-16 00:11:23:1123 - [32minfo[39m: [32mapp rodando na porta 3000[39m
2022-10-16 00:11:26:1126 - [32minfo[39m: [32mBeleza conectou o banco[39m
2022-10-16 00:11:26:1126 - [32minfo[39m: [32mapp rodando na porta 3000[39m
2022-10-16 00:11:34:1134 - [32minfo[39m: [32mBeleza conectou o banco[39m
2022-10-16 00:11:34:1134 - [32minfo[39m: [32mapp rodando na porta 3000[39m
2022-10-16 00:11:38:1138 - [35mhttp[39m: [35mDELETE/api/movie/remove/634b3e89b6e8d2c9dcb101ae 200 40 -: response-time ms[39m
[35m[39m
2022-10-16 00:11:42:1142 - [35mhttp[39m: [35mGET/api/movie 200 1494 -: response-time ms[39m
[35m[39m
2022-10-16 00:11:58:1158 - [35mhttp[39m: [35mDELETE/api/movie/remove/634b3ece22173f3b2236e78a 200 40 -: response-time ms[39m
[35m[39m
2022-10-16 00:12:01:121 - [35mhttp[39m: [35mGET/api/movie 200 1339 -: response-time ms[39m
[35m[39m
2022-10-16 00:12:13:1213 - [35mhttp[39m: [35mDELETE/api/movie/remove/634b3ee628fc997e93d6433c 200 40 -: response-time ms[39m
[35m[39m
2022-10-16 00:12:17:1217 - [35mhttp[39m: [35mGET/api/movie 200 1184 -: response-time ms[39m
[35m[39m
2022-10-16 00:14:02:142 - [32minfo[39m: [32mBeleza conectou o banco[39m
2022-10-16 00:14:02:142 - [32minfo[39m: [32mapp rodando na porta 3000[39m
2022-10-16 00:14:16:1416 - [35mhttp[39m: [35mDELETE/api/movie/634b3efd2ae5da11e9af1f98 200 40 -: response-time ms[39m
[35m[39m
2022-10-16 00:14:19:1419 - [35mhttp[39m: [35mGET/api/movie 200 1022 -: response-time ms[39m
[35m[39m
2022-10-16 00:17:02:172 - [32minfo[39m: [32mBeleza conectou o banco[39m
2022-10-16 00:17:02:172 - [32minfo[39m: [32mapp rodando na porta 3000[39m
2022-10-16 00:17:08:178 - [32minfo[39m: [32mBeleza conectou o banco[39m
2022-10-16 00:17:08:178 - [32minfo[39m: [32mapp rodando na porta 3000[39m
2022-10-16 00:17:20:1720 - [32minfo[39m: [32mBeleza conectou o banco[39m
2022-10-16 00:17:20:1720 - [32minfo[39m: [32mapp rodando na porta 3000[39m
2022-10-16 00:17:23:1723 - [32minfo[39m: [32mBeleza conectou o banco[39m
2022-10-16 00:17:23:1723 - [32minfo[39m: [32mapp rodando na porta 3000[39m
2022-10-16 00:17:32:1732 - [32minfo[39m: [32mBeleza conectou o banco[39m
2022-10-16 00:17:32:1732 - [32minfo[39m: [32mapp rodando na porta 3000[39m
2022-10-16 00:17:51:1751 - [32minfo[39m: [32mBeleza conectou o banco[39m
2022-10-16 00:17:51:1751 - [32minfo[39m: [32mapp rodando na porta 3000[39m
2022-10-16 00:18:13:1813 - [32minfo[39m: [32mBeleza conectou o banco[39m
2022-10-16 00:18:13:1813 - [32minfo[39m: [32mapp rodando na porta 3000[39m
2022-10-16 00:19:00:190 - [32minfo[39m: [32mBeleza conectou o banco[39m
2022-10-16 00:19:00:190 - [32minfo[39m: [32mapp rodando na porta 3000[39m
2022-10-16 00:19:07:197 - [32minfo[39m: [32mBeleza conectou o banco[39m
2022-10-16 00:19:07:197 - [32minfo[39m: [32mapp rodando na porta 3000[39m
2022-10-16 00:19:32:1932 - [32minfo[39m: [32mBeleza conectou o banco[39m
2022-10-16 00:19:32:1932 - [32minfo[39m: [32mapp rodando na porta 3000[39m
2022-10-16 00:19:36:1936 - [32minfo[39m: [32mBeleza conectou o banco[39m
2022-10-16 00:19:36:1936 - [32minfo[39m: [32mapp rodando na porta 3000[39m
2022-10-16 00:19:41:1941 - [32minfo[39m: [32mBeleza conectou o banco[39m
2022-10-16 00:19:41:1941 - [32minfo[39m: [32mapp rodando na porta 3000[39m
2022-10-16 00:19:51:1951 - [32minfo[39m: [32mBeleza conectou o banco[39m
2022-10-16 00:19:51:1951 - [32minfo[39m: [32mapp rodando na porta 3000[39m
2022-10-16 00:20:46:2046 - [32minfo[39m: [32mBeleza conectou o banco[39m
2022-10-16 00:20:46:2046 - [32minfo[39m: [32mapp rodando na porta 3000[39m
2022-10-16 00:23:07:237 - [35mhttp[39m: [35mPATCH/api/movie/634b3f4ae06129d01d2d4f7b - - -: response-time ms[39m
[35m[39m
2022-10-16 00:23:19:2319 - [31merror[39m: [31mErro no sistema: Cast to ObjectId failed for value "634b3f4ae06129d01d2d4f7b2" (type string) at path "_id" for model "Movie"[39m
2022-10-16 00:23:31:2331 - [35mhttp[39m: [35mPATCH/api/movie/634b3f4ae06129d01d2d4f7b2 - - -: response-time ms[39m
[35m[39m
2022-10-16 00:23:32:2332 - [31merror[39m: [31mErro no sistema: Cast to ObjectId failed for value "634b3f4ae06129d01d2d4f7j" (type string) at path "_id" for model "Movie"[39m
2022-10-16 00:23:59:2359 - [35mhttp[39m: [35mGET/api/movie 200 1022 -: response-time ms[39m
[35m[39m
2022-10-16 00:24:03:243 - [35mhttp[39m: [35mPATCH/api/movie/634b3f4ae06129d01d2d4f7j - - -: response-time ms[39m
[35m[39m
2022-10-16 00:24:36:2436 - [35mhttp[39m: [35mPATCH/api/movie/634b3f4ae06129d01d2d4f7b - - -: response-time ms[39m
[35m[39m
2022-10-16 00:24:42:2442 - [35mhttp[39m: [35mPATCH/api/movie/634b3f4ae06129d01d2d4f78 404 31 -: response-time ms[39m
[35m[39m
2022-10-16 00:25:24:2524 - [32minfo[39m: [32mBeleza conectou o banco[39m
2022-10-16 00:25:24:2524 - [32minfo[39m: [32mapp rodando na porta 3000[39m
2022-10-16 00:25:27:2527 - [32minfo[39m: [32mBeleza conectou o banco[39m
2022-10-16 00:25:27:2527 - [32minfo[39m: [32mapp rodando na porta 3000[39m
2022-10-16 00:25:32:2532 - [32minfo[39m: [32mBeleza conectou o banco[39m
2022-10-16 00:25:32:2532 - [32minfo[39m: [32mapp rodando na porta 3000[39m
2022-10-16 00:25:51:2551 - [32minfo[39m: [32mBeleza conectou o banco[39m
2022-10-16 00:25:51:2551 - [32minfo[39m: [32mapp rodando na porta 3000[39m
2022-10-16 00:26:29:2629 - [32minfo[39m: [32mBeleza conectou o banco[39m
2022-10-16 00:26:29:2629 - [32minfo[39m: [32mapp rodando na porta 3000[39m
2022-10-16 00:26:38:2638 - [32minfo[39m: [32mBeleza conectou o banco[39m
2022-10-16 00:26:38:2638 - [32minfo[39m: [32mapp rodando na porta 3000[39m
2022-10-16 00:26:44:2644 - [32minfo[39m: [32mBeleza conectou o banco[39m
2022-10-16 00:26:44:2644 - [32minfo[39m: [32mapp rodando na porta 3000[39m
2022-10-16 00:26:58:2658 - [32minfo[39m: [32mBeleza conectou o banco[39m
2022-10-16 00:26:58:2658 - [32minfo[39m: [32mapp rodando na porta 3000[39m
2022-10-16 00:27:08:278 - [32minfo[39m: [32mBeleza conectou o banco[39m
2022-10-16 00:27:08:278 - [32minfo[39m: [32mapp rodando na porta 3000[39m
2022-10-16 00:27:23:2723 - [32minfo[39m: [32mBeleza conectou o banco[39m
2022-10-16 00:27:23:2723 - [32minfo[39m: [32mapp rodando na porta 3000[39m
2022-10-16 00:27:43:2743 - [32minfo[39m: [32mBeleza conectou o banco[39m
2022-10-16 00:27:43:2743 - [32minfo[39m: [32mapp rodando na porta 3000[39m
2022-10-16 00:27:52:2752 - [32minfo[39m: [32mBeleza conectou o banco[39m
2022-10-16 00:27:52:2752 - [32minfo[39m: [32mapp rodando na porta 3000[39m
2022-10-16 00:28:03:283 - [32minfo[39m: [32mBeleza conectou o banco[39m
2022-10-16 00:28:03:283 - [32minfo[39m: [32mapp rodando na porta 3000[39m
2022-10-16 00:29:26:2926 - [35mhttp[39m: [35mPATCH/api/movie/634b3f4ae06129d01d2d4f7b 200 268 -: response-time ms[39m
[35m[39m
2022-10-16 00:29:31:2931 - [35mhttp[39m: [35mGET/api/movie 200 1266 -: response-time ms[39m
[35m[39m
2022-10-16 00:31:33:3133 - [32minfo[39m: [32mBeleza conectou o banco[39m
2022-10-16 00:31:33:3133 - [32minfo[39m: [32mapp rodando na porta 3000[39m
2022-10-16 00:32:16:3216 - [35mhttp[39m: [35mPATCH/api/movie/634b3f4ae06129d01d2d4f7b 422 105 -: response-time ms[39m
[35m[39m
